<?xml version="1.0" encoding="UTF-8"?>
<!-- Generated by org.testng.reporters.JUnitReportReporter -->
<testsuite hostname="LAPTOP-K8L5FE1D" failures="0" tests="1" name="calculators.calculator.TestCalc" time="7.645" errors="0" timestamp="2023-09-16T11:17:52 EDT" skipped="0">
  <testcase classname="calculators.calculator.TestCalc" name="testCase_001" time="7.645"/>
</testsuite> <!-- calculators.calculator.TestCalc -->
